c:\users\jack0\github\softrenderer\softwarerenderer\softrenderer\x64\debug\vc142.pdb
c:\users\jack0\github\softrenderer\softwarerenderer\softrenderer\x64\debug\vc142.idb
c:\users\jack0\github\softrenderer\softwarerenderer\softrenderer\x64\debug\windowsapp.obj
c:\users\jack0\github\softrenderer\softwarerenderer\softrenderer\x64\debug\softrenderer.pch
c:\users\jack0\github\softrenderer\softwarerenderer\softrenderer\x64\debug\precompiled.obj
c:\users\jack0\github\softrenderer\softwarerenderer\softrenderer\x64\debug\windowsmain.obj
c:\users\jack0\github\softrenderer\softwarerenderer\softrenderer\x64\debug\softrenderer.res
c:\users\jack0\github\softrenderer\softwarerenderer\x64\debug\softrenderer.pdb
c:\users\jack0\github\softrenderer\softwarerenderer\softrenderer\x64\debug\softrenderer.tlog\cl.command.1.tlog
c:\users\jack0\github\softrenderer\softwarerenderer\softrenderer\x64\debug\softrenderer.tlog\cl.read.1.tlog
c:\users\jack0\github\softrenderer\softwarerenderer\softrenderer\x64\debug\softrenderer.tlog\cl.write.1.tlog
c:\users\jack0\github\softrenderer\softwarerenderer\softrenderer\x64\debug\softrenderer.tlog\link-cvtres.read.1.tlog
c:\users\jack0\github\softrenderer\softwarerenderer\softrenderer\x64\debug\softrenderer.tlog\link-cvtres.write.1.tlog
c:\users\jack0\github\softrenderer\softwarerenderer\softrenderer\x64\debug\softrenderer.tlog\link-rc.read.1.tlog
c:\users\jack0\github\softrenderer\softwarerenderer\softrenderer\x64\debug\softrenderer.tlog\link-rc.write.1.tlog
c:\users\jack0\github\softrenderer\softwarerenderer\softrenderer\x64\debug\softrenderer.tlog\link.command.1.tlog
c:\users\jack0\github\softrenderer\softwarerenderer\softrenderer\x64\debug\softrenderer.tlog\link.read.1.tlog
c:\users\jack0\github\softrenderer\softwarerenderer\softrenderer\x64\debug\softrenderer.tlog\link.read.2.tlog
c:\users\jack0\github\softrenderer\softwarerenderer\softrenderer\x64\debug\softrenderer.tlog\link.write.1.tlog
c:\users\jack0\github\softrenderer\softwarerenderer\softrenderer\x64\debug\softrenderer.tlog\rc.command.1.tlog
c:\users\jack0\github\softrenderer\softwarerenderer\softrenderer\x64\debug\softrenderer.tlog\rc.read.1.tlog
c:\users\jack0\github\softrenderer\softwarerenderer\softrenderer\x64\debug\softrenderer.tlog\rc.write.1.tlog
